2025-03-27 10:45:53,854 - INFO - 
=== Step 1: YOLO Detection ===
2025-03-27 10:45:53,979 - INFO - Found 200 images to process with YOLO
2025-03-27 10:45:57,234 - INFO - YOLO Detection: ilovepdf_merged_page-0182.jpg
2025-03-27 10:45:57,418 - INFO - YOLO Detection: ilovepdf_merged_page-0196.jpg
2025-03-27 10:45:57,619 - INFO - YOLO Detection: ilovepdf_merged_page-0141.jpg
2025-03-27 10:45:57,957 - INFO - YOLO Detection: ilovepdf_merged_page-0155.jpg
2025-03-27 10:45:58,265 - INFO - YOLO Detection: ilovepdf_merged_page-0169.jpg
2025-03-27 10:45:58,594 - INFO - YOLO Detection: ilovepdf_merged_page-0035.jpg
2025-03-27 10:45:58,760 - INFO - YOLO Detection: ilovepdf_merged_page-0021.jpg
2025-03-27 10:45:58,918 - INFO - YOLO Detection: ilovepdf_merged_page-0009.jpg
2025-03-27 10:45:59,105 - INFO - YOLO Detection: ilovepdf_merged_page-0008.jpg
2025-03-27 10:45:59,424 - INFO - YOLO Detection: ilovepdf_merged_page-0020.jpg
2025-03-27 10:45:59,628 - INFO - YOLO Detection: ilovepdf_merged_page-0034.jpg
2025-03-27 10:45:59,808 - INFO - YOLO Detection: ilovepdf_merged_page-0168.jpg
2025-03-27 10:46:00,020 - INFO - YOLO Detection: ilovepdf_merged_page-0154.jpg
2025-03-27 10:46:00,356 - INFO - YOLO Detection: ilovepdf_merged_page-0140.jpg
2025-03-27 10:46:00,733 - INFO - YOLO Detection: ilovepdf_merged_page-0197.jpg
2025-03-27 10:46:01,193 - INFO - YOLO Detection: ilovepdf_merged_page-0183.jpg
2025-03-27 10:46:01,393 - INFO - YOLO Detection: ilovepdf_merged_page-0195.jpg
2025-03-27 10:46:01,569 - INFO - YOLO Detection: ilovepdf_merged_page-0181.jpg
2025-03-27 10:46:01,760 - INFO - YOLO Detection: ilovepdf_merged_page-0156.jpg
2025-03-27 10:46:01,941 - INFO - YOLO Detection: ilovepdf_merged_page-0142.jpg
2025-03-27 10:46:02,125 - INFO - YOLO Detection: ilovepdf_merged_page-0022.jpg
2025-03-27 10:46:02,523 - INFO - YOLO Detection: ilovepdf_merged_page-0036.jpg
2025-03-27 10:46:03,113 - INFO - YOLO Detection: ilovepdf_merged_page-0037.jpg
2025-03-27 10:46:03,370 - INFO - YOLO Detection: ilovepdf_merged_page-0023.jpg
2025-03-27 10:46:03,827 - INFO - YOLO Detection: ilovepdf_merged_page-0143.jpg
2025-03-27 10:46:04,152 - INFO - YOLO Detection: ilovepdf_merged_page-0157.jpg
2025-03-27 10:46:04,427 - INFO - YOLO Detection: ilovepdf_merged_page-0180.jpg
2025-03-27 10:46:04,729 - INFO - YOLO Detection: ilovepdf_merged_page-0194.jpg
2025-03-27 10:46:05,047 - INFO - YOLO Detection: ilovepdf_merged_page-0190.jpg
2025-03-27 10:46:05,572 - INFO - YOLO Detection: ilovepdf_merged_page-0184.jpg
2025-03-27 10:46:05,962 - INFO - YOLO Detection: ilovepdf_merged_page-0153.jpg
2025-03-27 10:46:06,641 - INFO - YOLO Detection: ilovepdf_merged_page-0147.jpg
2025-03-27 10:46:06,911 - INFO - YOLO Detection: ilovepdf_merged_page-0027.jpg
2025-03-27 10:46:07,234 - INFO - YOLO Detection: ilovepdf_merged_page-0033.jpg
2025-03-27 10:46:07,500 - INFO - YOLO Detection: ilovepdf_merged_page-0032.jpg
2025-03-27 10:46:07,773 - INFO - YOLO Detection: ilovepdf_merged_page-0026.jpg
2025-03-27 10:46:07,930 - INFO - YOLO Detection: ilovepdf_merged_page-0146.jpg
2025-03-27 10:46:08,101 - INFO - YOLO Detection: ilovepdf_merged_page-0152.jpg
2025-03-27 10:46:08,303 - INFO - YOLO Detection: ilovepdf_merged_page-0185.jpg
2025-03-27 10:46:08,488 - INFO - YOLO Detection: ilovepdf_merged_page-0191.jpg
2025-03-27 10:46:08,670 - INFO - YOLO Detection: ilovepdf_merged_page-0187.jpg
2025-03-27 10:46:08,810 - INFO - YOLO Detection: ilovepdf_merged_page-0193.jpg
2025-03-27 10:46:08,950 - INFO - YOLO Detection: ilovepdf_merged_page-0178.jpg
2025-03-27 10:46:09,155 - INFO - YOLO Detection: ilovepdf_merged_page-0144.jpg
2025-03-27 10:46:09,317 - INFO - YOLO Detection: ilovepdf_merged_page-0150.jpg
2025-03-27 10:46:09,491 - INFO - YOLO Detection: ilovepdf_merged_page-0018.jpg
2025-03-27 10:46:09,637 - INFO - YOLO Detection: ilovepdf_merged_page-0030.jpg
2025-03-27 10:46:09,782 - INFO - YOLO Detection: ilovepdf_merged_page-0024.jpg
2025-03-27 10:46:10,002 - INFO - YOLO Detection: ilovepdf_merged_page-0025.jpg
2025-03-27 10:46:10,209 - INFO - YOLO Detection: ilovepdf_merged_page-0031.jpg
2025-03-27 10:46:10,424 - INFO - YOLO Detection: ilovepdf_merged_page-0019.jpg
2025-03-27 10:46:10,561 - INFO - YOLO Detection: ilovepdf_merged_page-0151.jpg
2025-03-27 10:46:10,704 - INFO - YOLO Detection: ilovepdf_merged_page-0145.jpg
2025-03-27 10:46:10,828 - INFO - YOLO Detection: ilovepdf_merged_page-0179.jpg
2025-03-27 10:46:11,024 - INFO - YOLO Detection: ilovepdf_merged_page-0192.jpg
2025-03-27 10:46:11,178 - INFO - YOLO Detection: ilovepdf_merged_page-0186.jpg
2025-03-27 10:46:11,431 - INFO - YOLO Detection: ilovepdf_merged_page-0122.jpg
2025-03-27 10:46:11,538 - INFO - YOLO Detection: ilovepdf_merged_page-0136.jpg
2025-03-27 10:46:11,649 - INFO - YOLO Detection: ilovepdf_merged_page-0095.jpg
2025-03-27 10:46:11,760 - INFO - YOLO Detection: ilovepdf_merged_page-0081.jpg
2025-03-27 10:46:11,867 - INFO - YOLO Detection: ilovepdf_merged_page-0056.jpg
2025-03-27 10:46:12,009 - INFO - YOLO Detection: ilovepdf_merged_page-0042.jpg
2025-03-27 10:46:12,171 - INFO - YOLO Detection: ilovepdf_merged_page-0043.jpg
2025-03-27 10:46:12,276 - INFO - YOLO Detection: ilovepdf_merged_page-0057.jpg
2025-03-27 10:46:12,386 - INFO - YOLO Detection: ilovepdf_merged_page-0080.jpg
2025-03-27 10:46:12,509 - INFO - YOLO Detection: ilovepdf_merged_page-0094.jpg
2025-03-27 10:46:12,614 - INFO - YOLO Detection: ilovepdf_merged_page-0137.jpg
2025-03-27 10:46:12,756 - INFO - YOLO Detection: ilovepdf_merged_page-0123.jpg
2025-03-27 10:46:12,868 - INFO - YOLO Detection: ilovepdf_merged_page-0135.jpg
2025-03-27 10:46:12,974 - INFO - YOLO Detection: ilovepdf_merged_page-0121.jpg
2025-03-27 10:46:13,079 - INFO - YOLO Detection: ilovepdf_merged_page-0109.jpg
2025-03-27 10:46:13,194 - INFO - YOLO Detection: ilovepdf_merged_page-0082.jpg
2025-03-27 10:46:13,388 - INFO - YOLO Detection: ilovepdf_merged_page-0096.jpg
2025-03-27 10:46:13,518 - INFO - YOLO Detection: ilovepdf_merged_page-0041.jpg
2025-03-27 10:46:13,631 - INFO - YOLO Detection: ilovepdf_merged_page-0055.jpg
2025-03-27 10:46:13,738 - INFO - YOLO Detection: ilovepdf_merged_page-0069.jpg
2025-03-27 10:46:13,877 - INFO - YOLO Detection: ilovepdf_merged_page-0068.jpg
2025-03-27 10:46:13,995 - INFO - YOLO Detection: ilovepdf_merged_page-0054.jpg
2025-03-27 10:46:14,120 - INFO - YOLO Detection: ilovepdf_merged_page-0040.jpg
2025-03-27 10:46:14,231 - INFO - YOLO Detection: ilovepdf_merged_page-0097.jpg
2025-03-27 10:46:14,332 - INFO - YOLO Detection: ilovepdf_merged_page-0083.jpg
2025-03-27 10:46:14,452 - INFO - YOLO Detection: ilovepdf_merged_page-0108.jpg
2025-03-27 10:46:14,564 - INFO - YOLO Detection: ilovepdf_merged_page-0120.jpg
2025-03-27 10:46:14,706 - INFO - YOLO Detection: ilovepdf_merged_page-0134.jpg
2025-03-27 10:46:14,822 - INFO - YOLO Detection: ilovepdf_merged_page-0118.jpg
2025-03-27 10:46:14,935 - INFO - YOLO Detection: ilovepdf_merged_page-0130.jpg
2025-03-27 10:46:15,161 - INFO - YOLO Detection: ilovepdf_merged_page-0124.jpg
2025-03-27 10:46:15,277 - INFO - YOLO Detection: ilovepdf_merged_page-0087.jpg
2025-03-27 10:46:15,496 - INFO - YOLO Detection: ilovepdf_merged_page-0093.jpg
2025-03-27 10:46:15,650 - INFO - YOLO Detection: ilovepdf_merged_page-0078.jpg
2025-03-27 10:46:15,806 - INFO - YOLO Detection: ilovepdf_merged_page-0044.jpg
2025-03-27 10:46:15,966 - INFO - YOLO Detection: ilovepdf_merged_page-0050.jpg
2025-03-27 10:46:16,261 - INFO - YOLO Detection: ilovepdf_merged_page-0051.jpg
2025-03-27 10:46:16,394 - INFO - YOLO Detection: ilovepdf_merged_page-0045.jpg
2025-03-27 10:46:16,553 - INFO - YOLO Detection: ilovepdf_merged_page-0079.jpg
2025-03-27 10:46:16,669 - INFO - YOLO Detection: ilovepdf_merged_page-0092.jpg
2025-03-27 10:46:16,814 - INFO - YOLO Detection: ilovepdf_merged_page-0086.jpg
2025-03-27 10:46:16,967 - INFO - YOLO Detection: ilovepdf_merged_page-0125.jpg
2025-03-27 10:46:17,104 - INFO - YOLO Detection: ilovepdf_merged_page-0131.jpg
2025-03-27 10:46:17,490 - INFO - YOLO Detection: ilovepdf_merged_page-0119.jpg
2025-03-27 10:46:17,636 - INFO - YOLO Detection: ilovepdf_merged_page-0127.jpg
2025-03-27 10:46:17,755 - INFO - YOLO Detection: ilovepdf_merged_page-0133.jpg
2025-03-27 10:46:17,880 - INFO - YOLO Detection: ilovepdf_merged_page-0090.jpg
2025-03-27 10:46:18,052 - INFO - YOLO Detection: ilovepdf_merged_page-0084.jpg
2025-03-27 10:46:18,260 - INFO - YOLO Detection: ilovepdf_merged_page-0053.jpg
2025-03-27 10:46:18,399 - INFO - YOLO Detection: ilovepdf_merged_page-0047.jpg
2025-03-27 10:46:18,532 - INFO - YOLO Detection: ilovepdf_merged_page-0046.jpg
2025-03-27 10:46:18,656 - INFO - YOLO Detection: ilovepdf_merged_page-0052.jpg
2025-03-27 10:46:18,776 - INFO - YOLO Detection: ilovepdf_merged_page-0085.jpg
2025-03-27 10:46:18,899 - INFO - YOLO Detection: ilovepdf_merged_page-0091.jpg
2025-03-27 10:46:19,073 - INFO - YOLO Detection: ilovepdf_merged_page-0132.jpg
2025-03-27 10:46:19,208 - INFO - YOLO Detection: ilovepdf_merged_page-0126.jpg
2025-03-27 10:46:19,370 - INFO - YOLO Detection: ilovepdf_merged_page-0103.jpg
2025-03-27 10:46:19,487 - INFO - YOLO Detection: ilovepdf_merged_page-0117.jpg
2025-03-27 10:46:19,594 - INFO - YOLO Detection: ilovepdf_merged_page-0088.jpg
2025-03-27 10:46:19,701 - INFO - YOLO Detection: ilovepdf_merged_page-0077.jpg
2025-03-27 10:46:19,812 - INFO - YOLO Detection: ilovepdf_merged_page-0063.jpg
2025-03-27 10:46:19,920 - INFO - YOLO Detection: ilovepdf_merged_page-0062.jpg
2025-03-27 10:46:20,028 - INFO - YOLO Detection: ilovepdf_merged_page-0076.jpg
2025-03-27 10:46:20,144 - INFO - YOLO Detection: ilovepdf_merged_page-0089.jpg
2025-03-27 10:46:20,268 - INFO - YOLO Detection: ilovepdf_merged_page-0116.jpg
2025-03-27 10:46:20,382 - INFO - YOLO Detection: ilovepdf_merged_page-0102.jpg
2025-03-27 10:46:20,748 - INFO - YOLO Detection: ilovepdf_merged_page-0114.jpg
2025-03-27 10:46:20,971 - INFO - YOLO Detection: ilovepdf_merged_page-0100.jpg
2025-03-27 10:46:21,096 - INFO - YOLO Detection: ilovepdf_merged_page-0128.jpg
2025-03-27 10:46:21,251 - INFO - YOLO Detection: ilovepdf_merged_page-0060.jpg
2025-03-27 10:46:21,374 - INFO - YOLO Detection: ilovepdf_merged_page-0074.jpg
2025-03-27 10:46:21,518 - INFO - YOLO Detection: ilovepdf_merged_page-0048.jpg
2025-03-27 10:46:21,624 - INFO - YOLO Detection: ilovepdf_merged_page-0049.jpg
2025-03-27 10:46:21,733 - INFO - YOLO Detection: ilovepdf_merged_page-0075.jpg
2025-03-27 10:46:21,832 - INFO - YOLO Detection: ilovepdf_merged_page-0061.jpg
2025-03-27 10:46:21,943 - INFO - YOLO Detection: ilovepdf_merged_page-0129.jpg
2025-03-27 10:46:22,055 - INFO - YOLO Detection: ilovepdf_merged_page-0101.jpg
2025-03-27 10:46:22,167 - INFO - YOLO Detection: ilovepdf_merged_page-0115.jpg
2025-03-27 10:46:22,311 - INFO - YOLO Detection: ilovepdf_merged_page-0139.jpg
2025-03-27 10:46:22,422 - INFO - YOLO Detection: ilovepdf_merged_page-0111.jpg
2025-03-27 10:46:22,535 - INFO - YOLO Detection: ilovepdf_merged_page-0105.jpg
2025-03-27 10:46:22,639 - INFO - YOLO Detection: ilovepdf_merged_page-0059.jpg
2025-03-27 10:46:22,752 - INFO - YOLO Detection: ilovepdf_merged_page-0065.jpg
2025-03-27 10:46:22,915 - INFO - YOLO Detection: ilovepdf_merged_page-0071.jpg
2025-03-27 10:46:23,035 - INFO - YOLO Detection: ilovepdf_merged_page-0070.jpg
2025-03-27 10:46:23,143 - INFO - YOLO Detection: ilovepdf_merged_page-0064.jpg
2025-03-27 10:46:23,255 - INFO - YOLO Detection: ilovepdf_merged_page-0058.jpg
2025-03-27 10:46:23,354 - INFO - YOLO Detection: ilovepdf_merged_page-0104.jpg
2025-03-27 10:46:23,461 - INFO - YOLO Detection: ilovepdf_merged_page-0110.jpg
2025-03-27 10:46:23,572 - INFO - YOLO Detection: ilovepdf_merged_page-0138.jpg
2025-03-27 10:46:23,671 - INFO - YOLO Detection: ilovepdf_merged_page-0106.jpg
2025-03-27 10:46:23,781 - INFO - YOLO Detection: ilovepdf_merged_page-0112.jpg
2025-03-27 10:46:23,895 - INFO - YOLO Detection: ilovepdf_merged_page-0099.jpg
2025-03-27 10:46:24,077 - INFO - YOLO Detection: ilovepdf_merged_page-0072.jpg
2025-03-27 10:46:24,207 - INFO - YOLO Detection: ilovepdf_merged_page-0066.jpg
2025-03-27 10:46:24,328 - INFO - YOLO Detection: ilovepdf_merged_page-0067.jpg
2025-03-27 10:46:24,434 - INFO - YOLO Detection: ilovepdf_merged_page-0073.jpg
2025-03-27 10:46:24,540 - INFO - YOLO Detection: ilovepdf_merged_page-0098.jpg
2025-03-27 10:46:24,646 - INFO - YOLO Detection: ilovepdf_merged_page-0113.jpg
2025-03-27 10:46:24,761 - INFO - YOLO Detection: ilovepdf_merged_page-0107.jpg
2025-03-27 10:46:24,952 - INFO - YOLO Detection: ilovepdf_merged_page-0160.jpg
2025-03-27 10:46:25,080 - INFO - YOLO Detection: ilovepdf_merged_page-0174.jpg
2025-03-27 10:46:25,192 - INFO - YOLO Detection: ilovepdf_merged_page-0148.jpg
2025-03-27 10:46:25,302 - INFO - YOLO Detection: ilovepdf_merged_page-0014.jpg
2025-03-27 10:46:25,409 - INFO - YOLO Detection: ilovepdf_merged_page-0028.jpg
2025-03-27 10:46:25,517 - INFO - YOLO Detection: ilovepdf_merged_page-0029.jpg
2025-03-27 10:46:25,627 - INFO - YOLO Detection: ilovepdf_merged_page-0001.jpg
2025-03-27 10:46:25,770 - INFO - YOLO Detection: ilovepdf_merged_page-0015.jpg
2025-03-27 10:46:25,886 - INFO - YOLO Detection: ilovepdf_merged_page-0149.jpg
2025-03-27 10:46:26,024 - INFO - YOLO Detection: ilovepdf_merged_page-0175.jpg
2025-03-27 10:46:26,136 - INFO - YOLO Detection: ilovepdf_merged_page-0161.jpg
2025-03-27 10:46:26,244 - INFO - YOLO Detection: ilovepdf_merged_page-0188.jpg
2025-03-27 10:46:26,354 - INFO - YOLO Detection: ilovepdf_merged_page-0177.jpg
2025-03-27 10:46:26,459 - INFO - YOLO Detection: ilovepdf_merged_page-0163.jpg
2025-03-27 10:46:26,585 - INFO - YOLO Detection: ilovepdf_merged_page-0003.jpg
2025-03-27 10:46:26,707 - INFO - YOLO Detection: ilovepdf_merged_page-0017.jpg
2025-03-27 10:46:26,818 - INFO - YOLO Detection: ilovepdf_merged_page-0200.jpg
2025-03-27 10:46:26,926 - INFO - YOLO Detection: ilovepdf_merged_page-0016.jpg
2025-03-27 10:46:27,032 - INFO - YOLO Detection: ilovepdf_merged_page-0002.jpg
2025-03-27 10:46:27,230 - INFO - YOLO Detection: ilovepdf_merged_page-0162.jpg
2025-03-27 10:46:27,390 - INFO - YOLO Detection: ilovepdf_merged_page-0176.jpg
2025-03-27 10:46:27,505 - INFO - YOLO Detection: ilovepdf_merged_page-0189.jpg
2025-03-27 10:46:27,678 - INFO - YOLO Detection: ilovepdf_merged_page-0199.jpg
2025-03-27 10:46:27,818 - INFO - YOLO Detection: ilovepdf_merged_page-0172.jpg
2025-03-27 10:46:27,934 - INFO - YOLO Detection: ilovepdf_merged_page-0166.jpg
2025-03-27 10:46:28,081 - INFO - YOLO Detection: ilovepdf_merged_page-0006.jpg
2025-03-27 10:46:28,192 - INFO - YOLO Detection: ilovepdf_merged_page-0012.jpg
2025-03-27 10:46:28,343 - INFO - YOLO Detection: ilovepdf_merged_page-0013.jpg
2025-03-27 10:46:28,614 - INFO - YOLO Detection: ilovepdf_merged_page-0007.jpg
2025-03-27 10:46:28,720 - INFO - YOLO Detection: ilovepdf_merged_page-0167.jpg
2025-03-27 10:46:28,856 - INFO - YOLO Detection: ilovepdf_merged_page-0173.jpg
2025-03-27 10:46:29,048 - INFO - YOLO Detection: ilovepdf_merged_page-0198.jpg
2025-03-27 10:46:29,192 - INFO - YOLO Detection: ilovepdf_merged_page-0159.jpg
2025-03-27 10:46:29,308 - INFO - YOLO Detection: ilovepdf_merged_page-0165.jpg
2025-03-27 10:46:29,416 - INFO - YOLO Detection: ilovepdf_merged_page-0171.jpg
2025-03-27 10:46:29,536 - INFO - YOLO Detection: ilovepdf_merged_page-0039.jpg
2025-03-27 10:46:29,684 - INFO - YOLO Detection: ilovepdf_merged_page-0011.jpg
2025-03-27 10:46:30,010 - INFO - YOLO Detection: ilovepdf_merged_page-0005.jpg
2025-03-27 10:46:30,137 - INFO - YOLO Detection: ilovepdf_merged_page-0004.jpg
2025-03-27 10:46:30,268 - INFO - YOLO Detection: ilovepdf_merged_page-0010.jpg
2025-03-27 10:46:30,403 - INFO - YOLO Detection: ilovepdf_merged_page-0038.jpg
2025-03-27 10:46:30,518 - INFO - YOLO Detection: ilovepdf_merged_page-0170.jpg
2025-03-27 10:46:30,621 - INFO - YOLO Detection: ilovepdf_merged_page-0164.jpg
2025-03-27 10:46:30,729 - INFO - YOLO Detection: ilovepdf_merged_page-0158.jpg
2025-03-27 10:46:30,733 - INFO - 
=== Step 2: Cropping Detected Targets ===
2025-03-27 10:46:30,792 - INFO - Found 200 images to process for cropping
2025-03-27 10:46:30,792 - INFO - Processing for crop: ilovepdf_merged_page-0182.jpg
2025-03-27 10:46:30,976 - INFO - Saved crop: ilovepdf_merged_page-0182_Target_0_0.87.jpg
2025-03-27 10:46:30,976 - INFO - Processing for crop: ilovepdf_merged_page-0196.jpg
2025-03-27 10:46:31,077 - INFO - Saved crop: ilovepdf_merged_page-0196_Target_0_0.87.jpg
2025-03-27 10:46:31,077 - INFO - Processing for crop: ilovepdf_merged_page-0141.jpg
2025-03-27 10:46:31,176 - INFO - Saved crop: ilovepdf_merged_page-0141_Target_0_0.87.jpg
2025-03-27 10:46:31,176 - INFO - Processing for crop: ilovepdf_merged_page-0155.jpg
2025-03-27 10:46:31,277 - INFO - Saved crop: ilovepdf_merged_page-0155_Target_0_0.86.jpg
2025-03-27 10:46:31,277 - INFO - Processing for crop: ilovepdf_merged_page-0169.jpg
2025-03-27 10:46:31,374 - INFO - Saved crop: ilovepdf_merged_page-0169_Target_0_0.87.jpg
2025-03-27 10:46:31,374 - INFO - Processing for crop: ilovepdf_merged_page-0035.jpg
2025-03-27 10:46:31,475 - INFO - Saved crop: ilovepdf_merged_page-0035_Target_0_0.87.jpg
2025-03-27 10:46:31,475 - INFO - Processing for crop: ilovepdf_merged_page-0021.jpg
2025-03-27 10:46:31,567 - INFO - Saved crop: ilovepdf_merged_page-0021_Target_0_0.87.jpg
2025-03-27 10:46:31,567 - INFO - Processing for crop: ilovepdf_merged_page-0009.jpg
2025-03-27 10:46:31,663 - INFO - Saved crop: ilovepdf_merged_page-0009_Target_0_0.87.jpg
2025-03-27 10:46:31,663 - INFO - Processing for crop: ilovepdf_merged_page-0008.jpg
2025-03-27 10:46:31,772 - INFO - Saved crop: ilovepdf_merged_page-0008_Target_0_0.86.jpg
2025-03-27 10:46:31,772 - INFO - Processing for crop: ilovepdf_merged_page-0020.jpg
2025-03-27 10:46:31,869 - INFO - Saved crop: ilovepdf_merged_page-0020_Target_0_0.86.jpg
2025-03-27 10:46:31,869 - INFO - Processing for crop: ilovepdf_merged_page-0034.jpg
2025-03-27 10:46:31,968 - INFO - Saved crop: ilovepdf_merged_page-0034_Target_0_0.86.jpg
2025-03-27 10:46:31,968 - INFO - Processing for crop: ilovepdf_merged_page-0168.jpg
2025-03-27 10:46:32,068 - INFO - Saved crop: ilovepdf_merged_page-0168_Target_0_0.87.jpg
2025-03-27 10:46:32,068 - INFO - Processing for crop: ilovepdf_merged_page-0154.jpg
2025-03-27 10:46:32,167 - INFO - Saved crop: ilovepdf_merged_page-0154_Target_0_0.87.jpg
2025-03-27 10:46:32,167 - INFO - Processing for crop: ilovepdf_merged_page-0140.jpg
2025-03-27 10:46:32,262 - INFO - Saved crop: ilovepdf_merged_page-0140_Target_0_0.87.jpg
2025-03-27 10:46:32,262 - INFO - Processing for crop: ilovepdf_merged_page-0197.jpg
2025-03-27 10:46:32,394 - INFO - Saved crop: ilovepdf_merged_page-0197_Target_0_0.87.jpg
2025-03-27 10:46:32,394 - INFO - Processing for crop: ilovepdf_merged_page-0183.jpg
2025-03-27 10:46:32,564 - INFO - Saved crop: ilovepdf_merged_page-0183_Target_0_0.87.jpg
2025-03-27 10:46:32,564 - INFO - Processing for crop: ilovepdf_merged_page-0195.jpg
2025-03-27 10:46:32,800 - INFO - Saved crop: ilovepdf_merged_page-0195_Target_0_0.87.jpg
2025-03-27 10:46:32,800 - INFO - Processing for crop: ilovepdf_merged_page-0181.jpg
2025-03-27 10:46:33,349 - INFO - Saved crop: ilovepdf_merged_page-0181_Target_0_0.87.jpg
2025-03-27 10:46:33,349 - INFO - Processing for crop: ilovepdf_merged_page-0156.jpg
2025-03-27 10:46:33,983 - INFO - Saved crop: ilovepdf_merged_page-0156_Target_0_0.87.jpg
2025-03-27 10:46:33,983 - INFO - Processing for crop: ilovepdf_merged_page-0142.jpg
2025-03-27 10:46:34,089 - INFO - Saved crop: ilovepdf_merged_page-0142_Target_0_0.87.jpg
2025-03-27 10:46:34,089 - INFO - Processing for crop: ilovepdf_merged_page-0022.jpg
2025-03-27 10:46:34,189 - INFO - Saved crop: ilovepdf_merged_page-0022_Target_0_0.87.jpg
2025-03-27 10:46:34,189 - INFO - Processing for crop: ilovepdf_merged_page-0036.jpg
2025-03-27 10:46:34,343 - INFO - Saved crop: ilovepdf_merged_page-0036_Target_0_0.87.jpg
2025-03-27 10:46:34,343 - INFO - Processing for crop: ilovepdf_merged_page-0037.jpg
2025-03-27 10:46:34,453 - INFO - Saved crop: ilovepdf_merged_page-0037_Target_0_0.86.jpg
2025-03-27 10:46:34,453 - INFO - Processing for crop: ilovepdf_merged_page-0023.jpg
2025-03-27 10:46:34,563 - INFO - Saved crop: ilovepdf_merged_page-0023_Target_0_0.87.jpg
2025-03-27 10:46:34,563 - INFO - Processing for crop: ilovepdf_merged_page-0143.jpg
2025-03-27 10:46:34,755 - INFO - Saved crop: ilovepdf_merged_page-0143_Target_0_0.87.jpg
2025-03-27 10:46:34,756 - INFO - Processing for crop: ilovepdf_merged_page-0157.jpg
2025-03-27 10:46:34,858 - INFO - Saved crop: ilovepdf_merged_page-0157_Target_0_0.87.jpg
2025-03-27 10:46:34,858 - INFO - Processing for crop: ilovepdf_merged_page-0180.jpg
2025-03-27 10:46:34,961 - INFO - Saved crop: ilovepdf_merged_page-0180_Target_0_0.87.jpg
2025-03-27 10:46:34,961 - INFO - Processing for crop: ilovepdf_merged_page-0194.jpg
2025-03-27 10:46:35,174 - INFO - Saved crop: ilovepdf_merged_page-0194_Target_0_0.87.jpg
2025-03-27 10:46:35,174 - INFO - Processing for crop: ilovepdf_merged_page-0190.jpg
2025-03-27 10:46:35,382 - INFO - Saved crop: ilovepdf_merged_page-0190_Target_0_0.87.jpg
2025-03-27 10:46:35,382 - INFO - Processing for crop: ilovepdf_merged_page-0184.jpg
2025-03-27 10:46:35,696 - INFO - Saved crop: ilovepdf_merged_page-0184_Target_0_0.87.jpg
2025-03-27 10:46:35,696 - INFO - Processing for crop: ilovepdf_merged_page-0153.jpg
2025-03-27 10:46:35,787 - INFO - Saved crop: ilovepdf_merged_page-0153_Target_0_0.86.jpg
2025-03-27 10:46:35,787 - INFO - Processing for crop: ilovepdf_merged_page-0147.jpg
2025-03-27 10:46:35,876 - INFO - Saved crop: ilovepdf_merged_page-0147_Target_0_0.86.jpg
2025-03-27 10:46:35,876 - INFO - Processing for crop: ilovepdf_merged_page-0027.jpg
2025-03-27 10:46:35,966 - INFO - Saved crop: ilovepdf_merged_page-0027_Target_0_0.87.jpg
2025-03-27 10:46:35,966 - INFO - Processing for crop: ilovepdf_merged_page-0033.jpg
2025-03-27 10:46:36,064 - INFO - Saved crop: ilovepdf_merged_page-0033_Target_0_0.87.jpg
2025-03-27 10:46:36,064 - INFO - Processing for crop: ilovepdf_merged_page-0032.jpg
2025-03-27 10:46:36,162 - INFO - Saved crop: ilovepdf_merged_page-0032_Target_0_0.87.jpg
2025-03-27 10:46:36,162 - INFO - Processing for crop: ilovepdf_merged_page-0026.jpg
2025-03-27 10:46:36,254 - INFO - Saved crop: ilovepdf_merged_page-0026_Target_0_0.86.jpg
2025-03-27 10:46:36,254 - INFO - Processing for crop: ilovepdf_merged_page-0146.jpg
2025-03-27 10:46:36,347 - INFO - Saved crop: ilovepdf_merged_page-0146_Target_0_0.86.jpg
2025-03-27 10:46:36,347 - INFO - Processing for crop: ilovepdf_merged_page-0152.jpg
2025-03-27 10:46:36,459 - INFO - Saved crop: ilovepdf_merged_page-0152_Target_0_0.86.jpg
2025-03-27 10:46:36,459 - INFO - Processing for crop: ilovepdf_merged_page-0185.jpg
2025-03-27 10:46:36,554 - INFO - Saved crop: ilovepdf_merged_page-0185_Target_0_0.87.jpg
2025-03-27 10:46:36,554 - INFO - Processing for crop: ilovepdf_merged_page-0191.jpg
2025-03-27 10:46:36,652 - INFO - Saved crop: ilovepdf_merged_page-0191_Target_0_0.87.jpg
2025-03-27 10:46:36,652 - INFO - Processing for crop: ilovepdf_merged_page-0187.jpg
2025-03-27 10:46:36,746 - INFO - Saved crop: ilovepdf_merged_page-0187_Target_0_0.87.jpg
2025-03-27 10:46:36,746 - INFO - Processing for crop: ilovepdf_merged_page-0193.jpg
2025-03-27 10:46:36,839 - INFO - Saved crop: ilovepdf_merged_page-0193_Target_0_0.87.jpg
2025-03-27 10:46:36,839 - INFO - Processing for crop: ilovepdf_merged_page-0178.jpg
2025-03-27 10:46:36,935 - INFO - Saved crop: ilovepdf_merged_page-0178_Target_0_0.87.jpg
2025-03-27 10:46:36,936 - INFO - Processing for crop: ilovepdf_merged_page-0144.jpg
2025-03-27 10:46:37,118 - INFO - Saved crop: ilovepdf_merged_page-0144_Target_0_0.87.jpg
2025-03-27 10:46:37,118 - INFO - Processing for crop: ilovepdf_merged_page-0150.jpg
2025-03-27 10:46:37,440 - INFO - Saved crop: ilovepdf_merged_page-0150_Target_0_0.86.jpg
2025-03-27 10:46:37,440 - INFO - Processing for crop: ilovepdf_merged_page-0018.jpg
2025-03-27 10:46:37,564 - INFO - Saved crop: ilovepdf_merged_page-0018_Target_0_0.86.jpg
2025-03-27 10:46:37,564 - INFO - Processing for crop: ilovepdf_merged_page-0030.jpg
2025-03-27 10:46:37,676 - INFO - Saved crop: ilovepdf_merged_page-0030_Target_0_0.87.jpg
2025-03-27 10:46:37,676 - INFO - Processing for crop: ilovepdf_merged_page-0024.jpg
2025-03-27 10:46:37,972 - INFO - Saved crop: ilovepdf_merged_page-0024_Target_0_0.86.jpg
2025-03-27 10:46:37,972 - INFO - Processing for crop: ilovepdf_merged_page-0025.jpg
2025-03-27 10:46:38,129 - INFO - Saved crop: ilovepdf_merged_page-0025_Target_0_0.87.jpg
2025-03-27 10:46:38,129 - INFO - Processing for crop: ilovepdf_merged_page-0031.jpg
2025-03-27 10:46:38,244 - INFO - Saved crop: ilovepdf_merged_page-0031_Target_0_0.87.jpg
2025-03-27 10:46:38,244 - INFO - Processing for crop: ilovepdf_merged_page-0019.jpg
2025-03-27 10:46:38,453 - INFO - Saved crop: ilovepdf_merged_page-0019_Target_0_0.87.jpg
2025-03-27 10:46:38,453 - INFO - Processing for crop: ilovepdf_merged_page-0151.jpg
2025-03-27 10:46:38,727 - INFO - Saved crop: ilovepdf_merged_page-0151_Target_0_0.87.jpg
2025-03-27 10:46:38,728 - INFO - Processing for crop: ilovepdf_merged_page-0145.jpg
2025-03-27 10:46:38,832 - INFO - Saved crop: ilovepdf_merged_page-0145_Target_0_0.87.jpg
2025-03-27 10:46:38,832 - INFO - Processing for crop: ilovepdf_merged_page-0179.jpg
2025-03-27 10:46:38,937 - INFO - Saved crop: ilovepdf_merged_page-0179_Target_0_0.87.jpg
2025-03-27 10:46:38,937 - INFO - Processing for crop: ilovepdf_merged_page-0192.jpg
2025-03-27 10:46:39,044 - INFO - Saved crop: ilovepdf_merged_page-0192_Target_0_0.87.jpg
2025-03-27 10:46:39,044 - INFO - Processing for crop: ilovepdf_merged_page-0186.jpg
2025-03-27 10:46:39,171 - INFO - Saved crop: ilovepdf_merged_page-0186_Target_0_0.87.jpg
2025-03-27 10:46:39,171 - INFO - Processing for crop: ilovepdf_merged_page-0122.jpg
2025-03-27 10:46:39,273 - INFO - Saved crop: ilovepdf_merged_page-0122_Target_0_0.86.jpg
2025-03-27 10:46:39,273 - INFO - Processing for crop: ilovepdf_merged_page-0136.jpg
2025-03-27 10:46:39,482 - INFO - Saved crop: ilovepdf_merged_page-0136_Target_0_0.87.jpg
2025-03-27 10:46:39,482 - INFO - Processing for crop: ilovepdf_merged_page-0095.jpg
2025-03-27 10:46:39,598 - INFO - Saved crop: ilovepdf_merged_page-0095_Target_0_0.87.jpg
2025-03-27 10:46:39,598 - INFO - Processing for crop: ilovepdf_merged_page-0081.jpg
2025-03-27 10:46:39,710 - INFO - Saved crop: ilovepdf_merged_page-0081_Target_0_0.87.jpg
2025-03-27 10:46:39,710 - INFO - Processing for crop: ilovepdf_merged_page-0056.jpg
2025-03-27 10:46:39,810 - INFO - Saved crop: ilovepdf_merged_page-0056_Target_0_0.87.jpg
2025-03-27 10:46:39,811 - INFO - Processing for crop: ilovepdf_merged_page-0042.jpg
2025-03-27 10:46:39,934 - INFO - Saved crop: ilovepdf_merged_page-0042_Target_0_0.87.jpg
2025-03-27 10:46:39,935 - INFO - Processing for crop: ilovepdf_merged_page-0043.jpg
2025-03-27 10:46:40,120 - INFO - Saved crop: ilovepdf_merged_page-0043_Target_0_0.88.jpg
2025-03-27 10:46:40,120 - INFO - Processing for crop: ilovepdf_merged_page-0057.jpg
2025-03-27 10:46:40,252 - INFO - Saved crop: ilovepdf_merged_page-0057_Target_0_0.87.jpg
2025-03-27 10:46:40,252 - INFO - Processing for crop: ilovepdf_merged_page-0080.jpg
2025-03-27 10:46:40,397 - INFO - Saved crop: ilovepdf_merged_page-0080_Target_0_0.87.jpg
2025-03-27 10:46:40,397 - INFO - Processing for crop: ilovepdf_merged_page-0094.jpg
2025-03-27 10:46:40,550 - INFO - Saved crop: ilovepdf_merged_page-0094_Target_0_0.87.jpg
2025-03-27 10:46:40,550 - INFO - Processing for crop: ilovepdf_merged_page-0137.jpg
2025-03-27 10:46:40,662 - INFO - Saved crop: ilovepdf_merged_page-0137_Target_0_0.86.jpg
2025-03-27 10:46:40,662 - INFO - Processing for crop: ilovepdf_merged_page-0123.jpg
2025-03-27 10:46:40,786 - INFO - Saved crop: ilovepdf_merged_page-0123_Target_0_0.87.jpg
2025-03-27 10:46:40,786 - INFO - Processing for crop: ilovepdf_merged_page-0135.jpg
2025-03-27 10:46:40,939 - INFO - Saved crop: ilovepdf_merged_page-0135_Target_0_0.87.jpg
2025-03-27 10:46:40,939 - INFO - Processing for crop: ilovepdf_merged_page-0121.jpg
2025-03-27 10:46:41,176 - INFO - Saved crop: ilovepdf_merged_page-0121_Target_0_0.87.jpg
2025-03-27 10:46:41,176 - INFO - Processing for crop: ilovepdf_merged_page-0109.jpg
2025-03-27 10:46:41,314 - INFO - Saved crop: ilovepdf_merged_page-0109_Target_0_0.87.jpg
2025-03-27 10:46:41,314 - INFO - Processing for crop: ilovepdf_merged_page-0082.jpg
2025-03-27 10:46:41,613 - INFO - Saved crop: ilovepdf_merged_page-0082_Target_0_0.87.jpg
2025-03-27 10:46:41,613 - INFO - Processing for crop: ilovepdf_merged_page-0096.jpg
2025-03-27 10:46:41,718 - INFO - Saved crop: ilovepdf_merged_page-0096_Target_0_0.87.jpg
2025-03-27 10:46:41,718 - INFO - Processing for crop: ilovepdf_merged_page-0041.jpg
2025-03-27 10:46:41,844 - INFO - Saved crop: ilovepdf_merged_page-0041_Target_0_0.87.jpg
2025-03-27 10:46:41,844 - INFO - Processing for crop: ilovepdf_merged_page-0055.jpg
2025-03-27 10:46:41,960 - INFO - Saved crop: ilovepdf_merged_page-0055_Target_0_0.87.jpg
2025-03-27 10:46:41,960 - INFO - Processing for crop: ilovepdf_merged_page-0069.jpg
2025-03-27 10:46:42,083 - INFO - Saved crop: ilovepdf_merged_page-0069_Target_0_0.87.jpg
2025-03-27 10:46:42,083 - INFO - Processing for crop: ilovepdf_merged_page-0068.jpg
2025-03-27 10:46:42,190 - INFO - Saved crop: ilovepdf_merged_page-0068_Target_0_0.87.jpg
2025-03-27 10:46:42,190 - INFO - Processing for crop: ilovepdf_merged_page-0054.jpg
2025-03-27 10:46:42,308 - INFO - Saved crop: ilovepdf_merged_page-0054_Target_0_0.87.jpg
2025-03-27 10:46:42,308 - INFO - Processing for crop: ilovepdf_merged_page-0040.jpg
2025-03-27 10:46:42,452 - INFO - Saved crop: ilovepdf_merged_page-0040_Target_0_0.87.jpg
2025-03-27 10:46:42,452 - INFO - Processing for crop: ilovepdf_merged_page-0097.jpg
2025-03-27 10:46:42,639 - INFO - Saved crop: ilovepdf_merged_page-0097_Target_0_0.87.jpg
2025-03-27 10:46:42,639 - INFO - Processing for crop: ilovepdf_merged_page-0083.jpg
2025-03-27 10:46:42,728 - INFO - Saved crop: ilovepdf_merged_page-0083_Target_0_0.87.jpg
2025-03-27 10:46:42,728 - INFO - Processing for crop: ilovepdf_merged_page-0108.jpg
2025-03-27 10:46:42,865 - INFO - Saved crop: ilovepdf_merged_page-0108_Target_0_0.87.jpg
2025-03-27 10:46:42,865 - INFO - Processing for crop: ilovepdf_merged_page-0120.jpg
2025-03-27 10:46:43,081 - INFO - Saved crop: ilovepdf_merged_page-0120_Target_0_0.87.jpg
2025-03-27 10:46:43,081 - INFO - Processing for crop: ilovepdf_merged_page-0134.jpg
2025-03-27 10:46:43,213 - INFO - Saved crop: ilovepdf_merged_page-0134_Target_0_0.86.jpg
2025-03-27 10:46:43,213 - INFO - Processing for crop: ilovepdf_merged_page-0118.jpg
2025-03-27 10:46:43,319 - INFO - Saved crop: ilovepdf_merged_page-0118_Target_0_0.87.jpg
2025-03-27 10:46:43,319 - INFO - Processing for crop: ilovepdf_merged_page-0130.jpg
2025-03-27 10:46:43,414 - INFO - Saved crop: ilovepdf_merged_page-0130_Target_0_0.87.jpg
2025-03-27 10:46:43,414 - INFO - Processing for crop: ilovepdf_merged_page-0124.jpg
2025-03-27 10:46:43,516 - INFO - Saved crop: ilovepdf_merged_page-0124_Target_0_0.87.jpg
2025-03-27 10:46:43,516 - INFO - Processing for crop: ilovepdf_merged_page-0087.jpg
2025-03-27 10:46:43,629 - INFO - Saved crop: ilovepdf_merged_page-0087_Target_0_0.87.jpg
2025-03-27 10:46:43,630 - INFO - Processing for crop: ilovepdf_merged_page-0093.jpg
2025-03-27 10:46:43,746 - INFO - Saved crop: ilovepdf_merged_page-0093_Target_0_0.87.jpg
2025-03-27 10:46:43,746 - INFO - Processing for crop: ilovepdf_merged_page-0078.jpg
2025-03-27 10:46:43,842 - INFO - Saved crop: ilovepdf_merged_page-0078_Target_0_0.87.jpg
2025-03-27 10:46:43,842 - INFO - Processing for crop: ilovepdf_merged_page-0044.jpg
2025-03-27 10:46:43,968 - INFO - Saved crop: ilovepdf_merged_page-0044_Target_0_0.87.jpg
2025-03-27 10:46:43,968 - INFO - Processing for crop: ilovepdf_merged_page-0050.jpg
2025-03-27 10:46:44,211 - INFO - Saved crop: ilovepdf_merged_page-0050_Target_0_0.87.jpg
2025-03-27 10:46:44,212 - INFO - Processing for crop: ilovepdf_merged_page-0051.jpg
2025-03-27 10:46:44,356 - INFO - Saved crop: ilovepdf_merged_page-0051_Target_0_0.87.jpg
2025-03-27 10:46:44,356 - INFO - Processing for crop: ilovepdf_merged_page-0045.jpg
2025-03-27 10:46:44,510 - INFO - Saved crop: ilovepdf_merged_page-0045_Target_0_0.87.jpg
2025-03-27 10:46:44,510 - INFO - Processing for crop: ilovepdf_merged_page-0079.jpg
2025-03-27 10:46:44,679 - INFO - Saved crop: ilovepdf_merged_page-0079_Target_0_0.87.jpg
2025-03-27 10:46:44,679 - INFO - Processing for crop: ilovepdf_merged_page-0092.jpg
2025-03-27 10:46:44,789 - INFO - Saved crop: ilovepdf_merged_page-0092_Target_0_0.87.jpg
2025-03-27 10:46:44,789 - INFO - Processing for crop: ilovepdf_merged_page-0086.jpg
2025-03-27 10:46:44,912 - INFO - Saved crop: ilovepdf_merged_page-0086_Target_0_0.87.jpg
2025-03-27 10:46:44,912 - INFO - Processing for crop: ilovepdf_merged_page-0125.jpg
2025-03-27 10:46:45,066 - INFO - Saved crop: ilovepdf_merged_page-0125_Target_0_0.87.jpg
2025-03-27 10:46:45,067 - INFO - Processing for crop: ilovepdf_merged_page-0131.jpg
2025-03-27 10:46:45,193 - INFO - Saved crop: ilovepdf_merged_page-0131_Target_0_0.87.jpg
2025-03-27 10:46:45,193 - INFO - Processing for crop: ilovepdf_merged_page-0119.jpg
2025-03-27 10:46:45,312 - INFO - Saved crop: ilovepdf_merged_page-0119_Target_0_0.86.jpg
2025-03-27 10:46:45,312 - INFO - Processing for crop: ilovepdf_merged_page-0127.jpg
2025-03-27 10:46:45,448 - INFO - Saved crop: ilovepdf_merged_page-0127_Target_0_0.87.jpg
2025-03-27 10:46:45,448 - INFO - Processing for crop: ilovepdf_merged_page-0133.jpg
2025-03-27 10:46:45,664 - INFO - Saved crop: ilovepdf_merged_page-0133_Target_0_0.87.jpg
2025-03-27 10:46:45,664 - INFO - Processing for crop: ilovepdf_merged_page-0090.jpg
2025-03-27 10:46:45,757 - INFO - Saved crop: ilovepdf_merged_page-0090_Target_0_0.87.jpg
2025-03-27 10:46:45,757 - INFO - Processing for crop: ilovepdf_merged_page-0084.jpg
2025-03-27 10:46:45,908 - INFO - Saved crop: ilovepdf_merged_page-0084_Target_0_0.87.jpg
2025-03-27 10:46:45,908 - INFO - Processing for crop: ilovepdf_merged_page-0053.jpg
2025-03-27 10:46:46,039 - INFO - Saved crop: ilovepdf_merged_page-0053_Target_0_0.87.jpg
2025-03-27 10:46:46,039 - INFO - Processing for crop: ilovepdf_merged_page-0047.jpg
2025-03-27 10:46:46,170 - INFO - Saved crop: ilovepdf_merged_page-0047_Target_0_0.86.jpg
2025-03-27 10:46:46,170 - INFO - Processing for crop: ilovepdf_merged_page-0046.jpg
2025-03-27 10:46:46,294 - INFO - Saved crop: ilovepdf_merged_page-0046_Target_0_0.87.jpg
2025-03-27 10:46:46,294 - INFO - Processing for crop: ilovepdf_merged_page-0052.jpg
2025-03-27 10:46:46,409 - INFO - Saved crop: ilovepdf_merged_page-0052_Target_0_0.86.jpg
2025-03-27 10:46:46,410 - INFO - Processing for crop: ilovepdf_merged_page-0085.jpg
2025-03-27 10:46:46,526 - INFO - Saved crop: ilovepdf_merged_page-0085_Target_0_0.87.jpg
2025-03-27 10:46:46,526 - INFO - Processing for crop: ilovepdf_merged_page-0091.jpg
2025-03-27 10:46:46,631 - INFO - Saved crop: ilovepdf_merged_page-0091_Target_0_0.87.jpg
2025-03-27 10:46:46,631 - INFO - Processing for crop: ilovepdf_merged_page-0132.jpg
2025-03-27 10:46:46,834 - INFO - Saved crop: ilovepdf_merged_page-0132_Target_0_0.87.jpg
2025-03-27 10:46:46,834 - INFO - Processing for crop: ilovepdf_merged_page-0126.jpg
2025-03-27 10:46:46,935 - INFO - Saved crop: ilovepdf_merged_page-0126_Target_0_0.87.jpg
2025-03-27 10:46:46,935 - INFO - Processing for crop: ilovepdf_merged_page-0103.jpg
2025-03-27 10:46:47,037 - INFO - Saved crop: ilovepdf_merged_page-0103_Target_0_0.86.jpg
2025-03-27 10:46:47,037 - INFO - Processing for crop: ilovepdf_merged_page-0117.jpg
2025-03-27 10:46:47,136 - INFO - Saved crop: ilovepdf_merged_page-0117_Target_0_0.86.jpg
2025-03-27 10:46:47,136 - INFO - Processing for crop: ilovepdf_merged_page-0088.jpg
2025-03-27 10:46:47,228 - INFO - Saved crop: ilovepdf_merged_page-0088_Target_0_0.87.jpg
2025-03-27 10:46:47,228 - INFO - Processing for crop: ilovepdf_merged_page-0077.jpg
2025-03-27 10:46:47,335 - INFO - Saved crop: ilovepdf_merged_page-0077_Target_0_0.87.jpg
2025-03-27 10:46:47,335 - INFO - Processing for crop: ilovepdf_merged_page-0063.jpg
2025-03-27 10:46:47,429 - INFO - Saved crop: ilovepdf_merged_page-0063_Target_0_0.87.jpg
2025-03-27 10:46:47,429 - INFO - Processing for crop: ilovepdf_merged_page-0062.jpg
2025-03-27 10:46:47,522 - INFO - Saved crop: ilovepdf_merged_page-0062_Target_0_0.87.jpg
2025-03-27 10:46:47,522 - INFO - Processing for crop: ilovepdf_merged_page-0076.jpg
2025-03-27 10:46:47,619 - INFO - Saved crop: ilovepdf_merged_page-0076_Target_0_0.87.jpg
2025-03-27 10:46:47,619 - INFO - Processing for crop: ilovepdf_merged_page-0089.jpg
2025-03-27 10:46:47,715 - INFO - Saved crop: ilovepdf_merged_page-0089_Target_0_0.87.jpg
2025-03-27 10:46:47,715 - INFO - Processing for crop: ilovepdf_merged_page-0116.jpg
2025-03-27 10:46:47,852 - INFO - Saved crop: ilovepdf_merged_page-0116_Target_0_0.87.jpg
2025-03-27 10:46:47,852 - INFO - Processing for crop: ilovepdf_merged_page-0102.jpg
2025-03-27 10:46:47,954 - INFO - Saved crop: ilovepdf_merged_page-0102_Target_0_0.87.jpg
2025-03-27 10:46:47,954 - INFO - Processing for crop: ilovepdf_merged_page-0114.jpg
2025-03-27 10:46:48,252 - INFO - Saved crop: ilovepdf_merged_page-0114_Target_0_0.87.jpg
2025-03-27 10:46:48,252 - INFO - Processing for crop: ilovepdf_merged_page-0100.jpg
2025-03-27 10:46:48,402 - INFO - Saved crop: ilovepdf_merged_page-0100_Target_0_0.87.jpg
2025-03-27 10:46:48,402 - INFO - Processing for crop: ilovepdf_merged_page-0128.jpg
2025-03-27 10:46:48,512 - INFO - Saved crop: ilovepdf_merged_page-0128_Target_0_0.87.jpg
2025-03-27 10:46:48,512 - INFO - Processing for crop: ilovepdf_merged_page-0060.jpg
2025-03-27 10:46:48,611 - INFO - Saved crop: ilovepdf_merged_page-0060_Target_0_0.87.jpg
2025-03-27 10:46:48,611 - INFO - Processing for crop: ilovepdf_merged_page-0074.jpg
2025-03-27 10:46:48,714 - INFO - Saved crop: ilovepdf_merged_page-0074_Target_0_0.87.jpg
2025-03-27 10:46:48,715 - INFO - Processing for crop: ilovepdf_merged_page-0048.jpg
2025-03-27 10:46:48,879 - INFO - Saved crop: ilovepdf_merged_page-0048_Target_0_0.86.jpg
2025-03-27 10:46:48,879 - INFO - Processing for crop: ilovepdf_merged_page-0049.jpg
2025-03-27 10:46:49,047 - INFO - Saved crop: ilovepdf_merged_page-0049_Target_0_0.87.jpg
2025-03-27 10:46:49,048 - INFO - Processing for crop: ilovepdf_merged_page-0075.jpg
2025-03-27 10:46:49,162 - INFO - Saved crop: ilovepdf_merged_page-0075_Target_0_0.87.jpg
2025-03-27 10:46:49,162 - INFO - Processing for crop: ilovepdf_merged_page-0061.jpg
2025-03-27 10:46:49,272 - INFO - Saved crop: ilovepdf_merged_page-0061_Target_0_0.87.jpg
2025-03-27 10:46:49,272 - INFO - Processing for crop: ilovepdf_merged_page-0129.jpg
2025-03-27 10:46:49,385 - INFO - Saved crop: ilovepdf_merged_page-0129_Target_0_0.87.jpg
2025-03-27 10:46:49,386 - INFO - Processing for crop: ilovepdf_merged_page-0101.jpg
2025-03-27 10:46:49,508 - INFO - Saved crop: ilovepdf_merged_page-0101_Target_0_0.87.jpg
2025-03-27 10:46:49,508 - INFO - Processing for crop: ilovepdf_merged_page-0115.jpg
2025-03-27 10:46:49,608 - INFO - Saved crop: ilovepdf_merged_page-0115_Target_0_0.87.jpg
2025-03-27 10:46:49,608 - INFO - Processing for crop: ilovepdf_merged_page-0139.jpg
2025-03-27 10:46:49,706 - INFO - Saved crop: ilovepdf_merged_page-0139_Target_0_0.87.jpg
2025-03-27 10:46:49,706 - INFO - Processing for crop: ilovepdf_merged_page-0111.jpg
2025-03-27 10:46:49,823 - INFO - Saved crop: ilovepdf_merged_page-0111_Target_0_0.87.jpg
2025-03-27 10:46:49,823 - INFO - Processing for crop: ilovepdf_merged_page-0105.jpg
2025-03-27 10:46:49,918 - INFO - Saved crop: ilovepdf_merged_page-0105_Target_0_0.87.jpg
2025-03-27 10:46:49,918 - INFO - Processing for crop: ilovepdf_merged_page-0059.jpg
2025-03-27 10:46:50,028 - INFO - Saved crop: ilovepdf_merged_page-0059_Target_0_0.87.jpg
2025-03-27 10:46:50,028 - INFO - Processing for crop: ilovepdf_merged_page-0065.jpg
2025-03-27 10:46:50,136 - INFO - Saved crop: ilovepdf_merged_page-0065_Target_0_0.87.jpg
2025-03-27 10:46:50,136 - INFO - Processing for crop: ilovepdf_merged_page-0071.jpg
2025-03-27 10:46:50,427 - INFO - Saved crop: ilovepdf_merged_page-0071_Target_0_0.87.jpg
2025-03-27 10:46:50,427 - INFO - Processing for crop: ilovepdf_merged_page-0070.jpg
2025-03-27 10:46:50,548 - INFO - Saved crop: ilovepdf_merged_page-0070_Target_0_0.87.jpg
2025-03-27 10:46:50,548 - INFO - Processing for crop: ilovepdf_merged_page-0064.jpg
2025-03-27 10:46:50,725 - INFO - Saved crop: ilovepdf_merged_page-0064_Target_0_0.87.jpg
2025-03-27 10:46:50,725 - INFO - Processing for crop: ilovepdf_merged_page-0058.jpg
2025-03-27 10:46:50,876 - INFO - Saved crop: ilovepdf_merged_page-0058_Target_0_0.87.jpg
2025-03-27 10:46:50,876 - INFO - Processing for crop: ilovepdf_merged_page-0104.jpg
2025-03-27 10:46:51,133 - INFO - Saved crop: ilovepdf_merged_page-0104_Target_0_0.86.jpg
2025-03-27 10:46:51,133 - INFO - Processing for crop: ilovepdf_merged_page-0110.jpg
2025-03-27 10:46:51,345 - INFO - Saved crop: ilovepdf_merged_page-0110_Target_0_0.87.jpg
2025-03-27 10:46:51,345 - INFO - Processing for crop: ilovepdf_merged_page-0138.jpg
2025-03-27 10:46:51,491 - INFO - Saved crop: ilovepdf_merged_page-0138_Target_0_0.86.jpg
2025-03-27 10:46:51,491 - INFO - Processing for crop: ilovepdf_merged_page-0106.jpg
2025-03-27 10:46:51,623 - INFO - Saved crop: ilovepdf_merged_page-0106_Target_0_0.87.jpg
2025-03-27 10:46:51,623 - INFO - Processing for crop: ilovepdf_merged_page-0112.jpg
2025-03-27 10:46:51,762 - INFO - Saved crop: ilovepdf_merged_page-0112_Target_0_0.87.jpg
2025-03-27 10:46:51,762 - INFO - Processing for crop: ilovepdf_merged_page-0099.jpg
2025-03-27 10:46:51,894 - INFO - Saved crop: ilovepdf_merged_page-0099_Target_0_0.87.jpg
2025-03-27 10:46:51,894 - INFO - Processing for crop: ilovepdf_merged_page-0072.jpg
2025-03-27 10:46:52,076 - INFO - Saved crop: ilovepdf_merged_page-0072_Target_0_0.87.jpg
2025-03-27 10:46:52,076 - INFO - Processing for crop: ilovepdf_merged_page-0066.jpg
2025-03-27 10:46:52,172 - INFO - Saved crop: ilovepdf_merged_page-0066_Target_0_0.87.jpg
2025-03-27 10:46:52,172 - INFO - Processing for crop: ilovepdf_merged_page-0067.jpg
2025-03-27 10:46:52,273 - INFO - Saved crop: ilovepdf_merged_page-0067_Target_0_0.87.jpg
2025-03-27 10:46:52,273 - INFO - Processing for crop: ilovepdf_merged_page-0073.jpg
2025-03-27 10:46:52,376 - INFO - Saved crop: ilovepdf_merged_page-0073_Target_0_0.87.jpg
2025-03-27 10:46:52,376 - INFO - Processing for crop: ilovepdf_merged_page-0098.jpg
2025-03-27 10:46:52,634 - INFO - Saved crop: ilovepdf_merged_page-0098_Target_0_0.87.jpg
2025-03-27 10:46:52,634 - INFO - Processing for crop: ilovepdf_merged_page-0113.jpg
2025-03-27 10:46:52,843 - INFO - Saved crop: ilovepdf_merged_page-0113_Target_0_0.87.jpg
2025-03-27 10:46:52,843 - INFO - Processing for crop: ilovepdf_merged_page-0107.jpg
2025-03-27 10:46:52,968 - INFO - Saved crop: ilovepdf_merged_page-0107_Target_0_0.87.jpg
2025-03-27 10:46:52,968 - INFO - Processing for crop: ilovepdf_merged_page-0160.jpg
2025-03-27 10:46:53,091 - INFO - Saved crop: ilovepdf_merged_page-0160_Target_0_0.87.jpg
2025-03-27 10:46:53,091 - INFO - Processing for crop: ilovepdf_merged_page-0174.jpg
2025-03-27 10:46:53,226 - INFO - Saved crop: ilovepdf_merged_page-0174_Target_0_0.87.jpg
2025-03-27 10:46:53,226 - INFO - Processing for crop: ilovepdf_merged_page-0148.jpg
2025-03-27 10:46:53,368 - INFO - Saved crop: ilovepdf_merged_page-0148_Target_0_0.87.jpg
2025-03-27 10:46:53,368 - INFO - Processing for crop: ilovepdf_merged_page-0014.jpg
2025-03-27 10:46:53,617 - INFO - Saved crop: ilovepdf_merged_page-0014_Target_0_0.87.jpg
2025-03-27 10:46:53,617 - INFO - Processing for crop: ilovepdf_merged_page-0028.jpg
2025-03-27 10:46:53,760 - INFO - Saved crop: ilovepdf_merged_page-0028_Target_0_0.86.jpg
2025-03-27 10:46:53,760 - INFO - Processing for crop: ilovepdf_merged_page-0029.jpg
2025-03-27 10:46:53,917 - INFO - Saved crop: ilovepdf_merged_page-0029_Target_0_0.86.jpg
2025-03-27 10:46:53,917 - INFO - Processing for crop: ilovepdf_merged_page-0001.jpg
2025-03-27 10:46:54,075 - INFO - Saved crop: ilovepdf_merged_page-0001_Target_0_0.87.jpg
2025-03-27 10:46:54,075 - INFO - Processing for crop: ilovepdf_merged_page-0015.jpg
2025-03-27 10:46:54,218 - INFO - Saved crop: ilovepdf_merged_page-0015_Target_0_0.87.jpg
2025-03-27 10:46:54,218 - INFO - Processing for crop: ilovepdf_merged_page-0149.jpg
2025-03-27 10:46:54,353 - INFO - Saved crop: ilovepdf_merged_page-0149_Target_0_0.87.jpg
2025-03-27 10:46:54,353 - INFO - Processing for crop: ilovepdf_merged_page-0175.jpg
2025-03-27 10:46:54,552 - INFO - Saved crop: ilovepdf_merged_page-0175_Target_0_0.87.jpg
2025-03-27 10:46:54,552 - INFO - Processing for crop: ilovepdf_merged_page-0161.jpg
2025-03-27 10:46:54,947 - INFO - Saved crop: ilovepdf_merged_page-0161_Target_0_0.87.jpg
2025-03-27 10:46:54,947 - INFO - Processing for crop: ilovepdf_merged_page-0188.jpg
2025-03-27 10:46:55,224 - INFO - Saved crop: ilovepdf_merged_page-0188_Target_0_0.87.jpg
2025-03-27 10:46:55,225 - INFO - Processing for crop: ilovepdf_merged_page-0177.jpg
2025-03-27 10:46:55,365 - INFO - Saved crop: ilovepdf_merged_page-0177_Target_0_0.87.jpg
2025-03-27 10:46:55,366 - INFO - Processing for crop: ilovepdf_merged_page-0163.jpg
2025-03-27 10:46:55,472 - INFO - Saved crop: ilovepdf_merged_page-0163_Target_0_0.87.jpg
2025-03-27 10:46:55,472 - INFO - Processing for crop: ilovepdf_merged_page-0003.jpg
2025-03-27 10:46:55,660 - INFO - Saved crop: ilovepdf_merged_page-0003_Target_0_0.86.jpg
2025-03-27 10:46:55,660 - INFO - Processing for crop: ilovepdf_merged_page-0017.jpg
2025-03-27 10:46:55,752 - INFO - Saved crop: ilovepdf_merged_page-0017_Target_0_0.87.jpg
2025-03-27 10:46:55,752 - INFO - Processing for crop: ilovepdf_merged_page-0200.jpg
2025-03-27 10:46:55,847 - INFO - Saved crop: ilovepdf_merged_page-0200_Target_0_0.87.jpg
2025-03-27 10:46:55,847 - INFO - Processing for crop: ilovepdf_merged_page-0016.jpg
2025-03-27 10:46:55,947 - INFO - Saved crop: ilovepdf_merged_page-0016_Target_0_0.88.jpg
2025-03-27 10:46:55,947 - INFO - Processing for crop: ilovepdf_merged_page-0002.jpg
2025-03-27 10:46:56,057 - INFO - Saved crop: ilovepdf_merged_page-0002_Target_0_0.86.jpg
2025-03-27 10:46:56,057 - INFO - Processing for crop: ilovepdf_merged_page-0162.jpg
2025-03-27 10:46:56,152 - INFO - Saved crop: ilovepdf_merged_page-0162_Target_0_0.87.jpg
2025-03-27 10:46:56,152 - INFO - Processing for crop: ilovepdf_merged_page-0176.jpg
2025-03-27 10:46:56,248 - INFO - Saved crop: ilovepdf_merged_page-0176_Target_0_0.87.jpg
2025-03-27 10:46:56,248 - INFO - Processing for crop: ilovepdf_merged_page-0189.jpg
2025-03-27 10:46:56,345 - INFO - Saved crop: ilovepdf_merged_page-0189_Target_0_0.87.jpg
2025-03-27 10:46:56,345 - INFO - Processing for crop: ilovepdf_merged_page-0199.jpg
2025-03-27 10:46:56,448 - INFO - Saved crop: ilovepdf_merged_page-0199_Target_0_0.87.jpg
2025-03-27 10:46:56,448 - INFO - Processing for crop: ilovepdf_merged_page-0172.jpg
2025-03-27 10:46:56,543 - INFO - Saved crop: ilovepdf_merged_page-0172_Target_0_0.87.jpg
2025-03-27 10:46:56,543 - INFO - Processing for crop: ilovepdf_merged_page-0166.jpg
2025-03-27 10:46:56,643 - INFO - Saved crop: ilovepdf_merged_page-0166_Target_0_0.87.jpg
2025-03-27 10:46:56,643 - INFO - Processing for crop: ilovepdf_merged_page-0006.jpg
2025-03-27 10:46:56,740 - INFO - Saved crop: ilovepdf_merged_page-0006_Target_0_0.86.jpg
2025-03-27 10:46:56,740 - INFO - Processing for crop: ilovepdf_merged_page-0012.jpg
2025-03-27 10:46:56,831 - INFO - Saved crop: ilovepdf_merged_page-0012_Target_0_0.87.jpg
2025-03-27 10:46:56,831 - INFO - Processing for crop: ilovepdf_merged_page-0013.jpg
2025-03-27 10:46:56,920 - INFO - Saved crop: ilovepdf_merged_page-0013_Target_0_0.87.jpg
2025-03-27 10:46:56,920 - INFO - Processing for crop: ilovepdf_merged_page-0007.jpg
2025-03-27 10:46:57,015 - INFO - Saved crop: ilovepdf_merged_page-0007_Target_0_0.86.jpg
2025-03-27 10:46:57,015 - INFO - Processing for crop: ilovepdf_merged_page-0167.jpg
2025-03-27 10:46:57,108 - INFO - Saved crop: ilovepdf_merged_page-0167_Target_0_0.87.jpg
2025-03-27 10:46:57,108 - INFO - Processing for crop: ilovepdf_merged_page-0173.jpg
2025-03-27 10:46:57,201 - INFO - Saved crop: ilovepdf_merged_page-0173_Target_0_0.87.jpg
2025-03-27 10:46:57,201 - INFO - Processing for crop: ilovepdf_merged_page-0198.jpg
2025-03-27 10:46:57,293 - INFO - Saved crop: ilovepdf_merged_page-0198_Target_0_0.87.jpg
2025-03-27 10:46:57,293 - INFO - Processing for crop: ilovepdf_merged_page-0159.jpg
2025-03-27 10:46:57,383 - INFO - Saved crop: ilovepdf_merged_page-0159_Target_0_0.87.jpg
2025-03-27 10:46:57,383 - INFO - Processing for crop: ilovepdf_merged_page-0165.jpg
2025-03-27 10:46:57,471 - INFO - Saved crop: ilovepdf_merged_page-0165_Target_0_0.87.jpg
2025-03-27 10:46:57,471 - INFO - Processing for crop: ilovepdf_merged_page-0171.jpg
2025-03-27 10:46:57,564 - INFO - Saved crop: ilovepdf_merged_page-0171_Target_0_0.87.jpg
2025-03-27 10:46:57,564 - INFO - Processing for crop: ilovepdf_merged_page-0039.jpg
2025-03-27 10:46:57,666 - INFO - Saved crop: ilovepdf_merged_page-0039_Target_0_0.87.jpg
2025-03-27 10:46:57,666 - INFO - Processing for crop: ilovepdf_merged_page-0011.jpg
2025-03-27 10:46:57,760 - INFO - Saved crop: ilovepdf_merged_page-0011_Target_0_0.86.jpg
2025-03-27 10:46:57,760 - INFO - Processing for crop: ilovepdf_merged_page-0005.jpg
2025-03-27 10:46:57,854 - INFO - Saved crop: ilovepdf_merged_page-0005_Target_0_0.87.jpg
2025-03-27 10:46:57,854 - INFO - Processing for crop: ilovepdf_merged_page-0004.jpg
2025-03-27 10:46:57,945 - INFO - Saved crop: ilovepdf_merged_page-0004_Target_0_0.87.jpg
2025-03-27 10:46:57,945 - INFO - Processing for crop: ilovepdf_merged_page-0010.jpg
2025-03-27 10:46:58,046 - INFO - Saved crop: ilovepdf_merged_page-0010_Target_0_0.87.jpg
2025-03-27 10:46:58,046 - INFO - Processing for crop: ilovepdf_merged_page-0038.jpg
2025-03-27 10:46:58,147 - INFO - Saved crop: ilovepdf_merged_page-0038_Target_0_0.87.jpg
2025-03-27 10:46:58,147 - INFO - Processing for crop: ilovepdf_merged_page-0170.jpg
2025-03-27 10:46:58,385 - INFO - Saved crop: ilovepdf_merged_page-0170_Target_0_0.87.jpg
2025-03-27 10:46:58,385 - INFO - Processing for crop: ilovepdf_merged_page-0164.jpg
2025-03-27 10:46:58,882 - INFO - Saved crop: ilovepdf_merged_page-0164_Target_0_0.87.jpg
2025-03-27 10:46:58,882 - INFO - Processing for crop: ilovepdf_merged_page-0158.jpg
2025-03-27 10:46:58,987 - INFO - Saved crop: ilovepdf_merged_page-0158_Target_0_0.87.jpg
2025-03-27 10:46:58,987 - INFO - Cropping complete. Found and saved 200 'Target' objects.
2025-03-27 10:46:58,988 - INFO - 
=== Step 3: Barcode and Code Recognition ===
2025-03-27 10:46:58,992 - INFO - Loaded 200 barcodes from barcode_data.csv
2025-03-27 10:46:58,996 - INFO - Found 200 cropped images to process
2025-03-27 10:47:03,575 - INFO - Created directory: ocr_debug/ilovepdf_merged_page-0146_Target_0_0.86
2025-03-27 10:47:03,587 - INFO - Created directory: ocr_debug/ilovepdf_merged_page-0096_Target_0_0.87
2025-03-27 10:47:03,586 - INFO - Created directory: ocr_debug/ilovepdf_merged_page-0114_Target_0_0.87
2025-03-27 10:47:03,592 - INFO - Created directory: ocr_debug/ilovepdf_merged_page-0046_Target_0_0.87
2025-03-27 10:47:03,592 - INFO - Created directory: ocr_debug/ilovepdf_merged_page-0172_Target_0_0.87
2025-03-27 10:47:03,595 - INFO - Created directory: ocr_debug/ilovepdf_merged_page-0014_Target_0_0.87
2025-03-27 10:47:03,598 - INFO - Created directory: ocr_debug/ilovepdf_merged_page-0008_Target_0_0.86
2025-03-27 10:47:03,605 - INFO - Created directory: ocr_debug/ilovepdf_merged_page-0120_Target_0_0.87
2025-03-27 10:47:12,614 - INFO - Created directory: ocr_debug/ilovepdf_merged_page-0108_Target_0_0.87
2025-03-27 10:47:12,810 - INFO - Created directory: ocr_debug/ilovepdf_merged_page-0072_Target_0_0.87
2025-03-27 10:47:12,955 - INFO - Created directory: ocr_debug/ilovepdf_merged_page-0196_Target_0_0.87
2025-03-27 10:47:12,959 - INFO - Created directory: ocr_debug/ilovepdf_merged_page-0020_Target_0_0.86
2025-03-27 10:47:12,996 - INFO - Created directory: ocr_debug/ilovepdf_merged_page-0111_Target_0_0.87
2025-03-27 10:47:13,019 - INFO - Created directory: ocr_debug/ilovepdf_merged_page-0025_Target_0_0.87
2025-03-27 10:47:13,154 - INFO - Created directory: ocr_debug/ilovepdf_merged_page-0011_Target_0_0.86
2025-03-27 10:47:13,924 - INFO - Created directory: ocr_debug/ilovepdf_merged_page-0093_Target_0_0.87
2025-03-27 10:47:21,912 - INFO - Created directory: ocr_debug/ilovepdf_merged_page-0177_Target_0_0.87
2025-03-27 10:47:21,972 - INFO - Created directory: ocr_debug/ilovepdf_merged_page-0139_Target_0_0.87
2025-03-27 10:47:21,979 - INFO - Created directory: ocr_debug/ilovepdf_merged_page-0125_Target_0_0.87
2025-03-27 10:47:22,190 - INFO - Created directory: ocr_debug/ilovepdf_merged_page-0077_Target_0_0.87
2025-03-27 10:47:22,506 - INFO - Created directory: ocr_debug/ilovepdf_merged_page-0039_Target_0_0.87
2025-03-27 10:47:22,657 - INFO - Created directory: ocr_debug/ilovepdf_merged_page-0193_Target_0_0.87
2025-03-27 10:47:23,043 - INFO - Created directory: ocr_debug/ilovepdf_merged_page-0143_Target_0_0.87
2025-03-27 10:47:23,202 - INFO - Created directory: ocr_debug/ilovepdf_merged_page-0021_Target_0_0.87
2025-03-27 10:47:30,787 - INFO - Created directory: ocr_debug/ilovepdf_merged_page-0147_Target_0_0.86
2025-03-27 10:47:30,860 - INFO - Created directory: ocr_debug/ilovepdf_merged_page-0115_Target_0_0.87
2025-03-27 10:47:30,985 - INFO - Created directory: ocr_debug/ilovepdf_merged_page-0097_Target_0_0.87
2025-03-27 10:47:31,336 - INFO - Created directory: ocr_debug/ilovepdf_merged_page-0173_Target_0_0.87
2025-03-27 10:47:31,488 - INFO - Created directory: ocr_debug/ilovepdf_merged_page-0009_Target_0_0.87
2025-03-27 10:47:32,035 - INFO - Created directory: ocr_debug/ilovepdf_merged_page-0015_Target_0_0.87
2025-03-27 10:47:32,087 - INFO - Created directory: ocr_debug/ilovepdf_merged_page-0047_Target_0_0.86
2025-03-27 10:47:32,425 - INFO - Created directory: ocr_debug/ilovepdf_merged_page-0121_Target_0_0.87
2025-03-27 10:47:38,871 - INFO - Created directory: ocr_debug/ilovepdf_merged_page-0109_Target_0_0.87
2025-03-27 10:47:39,044 - INFO - Created directory: ocr_debug/ilovepdf_merged_page-0073_Target_0_0.87
2025-03-27 10:47:39,054 - INFO - Created directory: ocr_debug/ilovepdf_merged_page-0197_Target_0_0.87
2025-03-27 10:47:39,694 - INFO - Created directory: ocr_debug/ilovepdf_merged_page-0110_Target_0_0.87
2025-03-27 10:47:40,128 - INFO - Created directory: ocr_debug/ilovepdf_merged_page-0042_Target_0_0.87
2025-03-27 10:47:40,154 - INFO - Created directory: ocr_debug/ilovepdf_merged_page-0092_Target_0_0.87
2025-03-27 10:47:40,497 - INFO - Created directory: ocr_debug/ilovepdf_merged_page-0176_Target_0_0.87
2025-03-27 10:47:41,097 - INFO - Created directory: ocr_debug/ilovepdf_merged_page-0138_Target_0_0.86
2025-03-27 10:47:47,499 - INFO - Created directory: ocr_debug/ilovepdf_merged_page-0124_Target_0_0.87
2025-03-27 10:47:47,726 - INFO - Created directory: ocr_debug/ilovepdf_merged_page-0010_Target_0_0.87
2025-03-27 10:47:47,791 - INFO - Created directory: ocr_debug/ilovepdf_merged_page-0038_Target_0_0.87
2025-03-27 10:47:48,512 - INFO - Created directory: ocr_debug/ilovepdf_merged_page-0076_Target_0_0.87
2025-03-27 10:47:49,021 - INFO - Created directory: ocr_debug/ilovepdf_merged_page-0192_Target_0_0.87
2025-03-27 10:47:49,169 - INFO - Created directory: ocr_debug/ilovepdf_merged_page-0024_Target_0_0.86
2025-03-27 10:47:49,582 - INFO - Created directory: ocr_debug/ilovepdf_merged_page-0142_Target_0_0.87
2025-03-27 10:47:49,640 - INFO - Created directory: ocr_debug/ilovepdf_merged_page-0188_Target_0_0.87
2025-03-27 10:47:56,071 - INFO - Created directory: ocr_debug/ilovepdf_merged_page-0022_Target_0_0.87
2025-03-27 10:47:56,281 - INFO - Created directory: ocr_debug/ilovepdf_merged_page-0116_Target_0_0.87
2025-03-27 10:47:56,383 - INFO - Created directory: ocr_debug/ilovepdf_merged_page-0158_Target_0_0.87
2025-03-27 10:47:57,015 - INFO - Created directory: ocr_debug/ilovepdf_merged_page-0170_Target_0_0.87
2025-03-27 10:47:57,694 - INFO - Created directory: ocr_debug/ilovepdf_merged_page-0094_Target_0_0.87
2025-03-27 10:47:57,764 - INFO - Created directory: ocr_debug/ilovepdf_merged_page-0122_Target_0_0.86
2025-03-27 10:47:58,219 - INFO - Created directory: ocr_debug/ilovepdf_merged_page-0044_Target_0_0.87
2025-03-27 10:47:58,378 - INFO - Created directory: ocr_debug/ilovepdf_merged_page-0058_Target_0_0.87
2025-03-27 10:48:04,080 - INFO - Created directory: ocr_debug/ilovepdf_merged_page-0088_Target_0_0.87
2025-03-27 10:48:04,099 - INFO - Created directory: ocr_debug/ilovepdf_merged_page-0144_Target_0_0.87
2025-03-27 10:48:04,131 - INFO - Created directory: ocr_debug/ilovepdf_merged_page-0194_Target_0_0.87
2025-03-27 10:48:05,577 - INFO - Created directory: ocr_debug/ilovepdf_merged_page-0070_Target_0_0.87
2025-03-27 10:48:05,715 - INFO - Created directory: ocr_debug/ilovepdf_merged_page-0113_Target_0_0.87
2025-03-27 10:48:05,758 - INFO - Created directory: ocr_debug/ilovepdf_merged_page-0027_Target_0_0.87
2025-03-27 10:48:06,304 - INFO - Created directory: ocr_debug/ilovepdf_merged_page-0069_Target_0_0.87
2025-03-27 10:48:06,355 - INFO - Created directory: ocr_debug/ilovepdf_merged_page-0041_Target_0_0.87
2025-03-27 10:48:13,991 - INFO - Created directory: ocr_debug/ilovepdf_merged_page-0175_Target_0_0.87
2025-03-27 10:48:14,232 - INFO - Created directory: ocr_debug/ilovepdf_merged_page-0091_Target_0_0.87
2025-03-27 10:48:14,614 - INFO - Created directory: ocr_debug/ilovepdf_merged_page-0127_Target_0_0.87
2025-03-27 10:48:15,450 - INFO - Created directory: ocr_debug/ilovepdf_merged_page-0169_Target_0_0.87
2025-03-27 10:48:15,529 - INFO - Created directory: ocr_debug/ilovepdf_merged_page-0013_Target_0_0.87
2025-03-27 10:48:16,194 - INFO - Created directory: ocr_debug/ilovepdf_merged_page-0191_Target_0_0.87
2025-03-27 10:48:16,378 - INFO - Created directory: ocr_debug/ilovepdf_merged_page-0075_Target_0_0.87
2025-03-27 10:48:17,609 - INFO - Created directory: ocr_debug/ilovepdf_merged_page-0141_Target_0_0.87
2025-03-27 10:48:27,027 - INFO - Created directory: ocr_debug/ilovepdf_merged_page-0189_Target_0_0.87
2025-03-27 10:48:27,029 - INFO - Created directory: ocr_debug/ilovepdf_merged_page-0023_Target_0_0.87
2025-03-27 10:48:27,145 - INFO - Created directory: ocr_debug/ilovepdf_merged_page-0159_Target_0_0.87
2025-03-27 10:48:27,892 - INFO - Created directory: ocr_debug/ilovepdf_merged_page-0171_Target_0_0.87
2025-03-27 10:48:28,293 - INFO - Created directory: ocr_debug/ilovepdf_merged_page-0095_Target_0_0.87
2025-03-27 10:48:29,054 - INFO - Created directory: ocr_debug/ilovepdf_merged_page-0045_Target_0_0.87
2025-03-27 10:48:29,110 - INFO - Created directory: ocr_debug/ilovepdf_merged_page-0059_Target_0_0.87
2025-03-27 10:48:29,555 - INFO - Created directory: ocr_debug/ilovepdf_merged_page-0017_Target_0_0.87
2025-03-27 10:48:34,945 - INFO - Created directory: ocr_debug/ilovepdf_merged_page-0123_Target_0_0.87
2025-03-27 10:48:35,360 - INFO - Created directory: ocr_debug/ilovepdf_merged_page-0089_Target_0_0.87
2025-03-27 10:48:35,680 - INFO - Created directory: ocr_debug/ilovepdf_merged_page-0145_Target_0_0.87
2025-03-27 10:48:35,788 - INFO - Created directory: ocr_debug/ilovepdf_merged_page-0117_Target_0_0.86
2025-03-27 10:48:36,072 - INFO - Created directory: ocr_debug/ilovepdf_merged_page-0195_Target_0_0.87
2025-03-27 10:48:36,679 - INFO - Created directory: ocr_debug/ilovepdf_merged_page-0071_Target_0_0.87
2025-03-27 10:48:36,790 - INFO - Created directory: ocr_debug/ilovepdf_merged_page-0112_Target_0_0.87
2025-03-27 10:48:36,897 - INFO - Created directory: ocr_debug/ilovepdf_merged_page-0068_Target_0_0.87
2025-03-27 10:48:42,587 - INFO - Created directory: ocr_debug/ilovepdf_merged_page-0040_Target_0_0.87
2025-03-27 10:48:42,921 - INFO - Created directory: ocr_debug/ilovepdf_merged_page-0174_Target_0_0.87
2025-03-27 10:48:43,039 - INFO - Created directory: ocr_debug/ilovepdf_merged_page-0090_Target_0_0.87
2025-03-27 10:48:43,245 - INFO - Created directory: ocr_debug/ilovepdf_merged_page-0168_Target_0_0.87
2025-03-27 10:48:43,342 - INFO - Created directory: ocr_debug/ilovepdf_merged_page-0126_Target_0_0.87
2025-03-27 10:48:44,295 - INFO - Created directory: ocr_debug/ilovepdf_merged_page-0012_Target_0_0.87
2025-03-27 10:48:44,724 - INFO - Created directory: ocr_debug/ilovepdf_merged_page-0026_Target_0_0.86
2025-03-27 10:48:44,811 - INFO - Created directory: ocr_debug/ilovepdf_merged_page-0190_Target_0_0.87
2025-03-27 10:48:50,951 - INFO - Created directory: ocr_debug/ilovepdf_merged_page-0074_Target_0_0.87
2025-03-27 10:48:51,061 - INFO - Created directory: ocr_debug/ilovepdf_merged_page-0140_Target_0_0.87
2025-03-27 10:48:51,221 - INFO - Created directory: ocr_debug/ilovepdf_merged_page-0049_Target_0_0.87
2025-03-27 10:48:51,563 - INFO - Created directory: ocr_debug/ilovepdf_merged_page-0099_Target_0_0.87
2025-03-27 10:48:52,493 - INFO - Created directory: ocr_debug/ilovepdf_merged_page-0133_Target_0_0.87
2025-03-27 10:48:52,500 - INFO - Created directory: ocr_debug/ilovepdf_merged_page-0061_Target_0_0.87
2025-03-27 10:48:53,018 - INFO - Created directory: ocr_debug/ilovepdf_merged_page-0185_Target_0_0.87
2025-03-27 10:48:53,175 - INFO - Created directory: ocr_debug/ilovepdf_merged_page-0033_Target_0_0.87
2025-03-27 10:48:59,196 - INFO - Created directory: ocr_debug/ilovepdf_merged_page-0199_Target_0_0.87
2025-03-27 10:48:59,213 - INFO - Created directory: ocr_debug/ilovepdf_merged_page-0155_Target_0_0.86
2025-03-27 10:48:59,993 - INFO - Created directory: ocr_debug/ilovepdf_merged_page-0107_Target_0_0.87
2025-03-27 10:49:00,205 - INFO - Created directory: ocr_debug/ilovepdf_merged_page-0149_Target_0_0.87
2025-03-27 10:49:00,732 - INFO - Created directory: ocr_debug/ilovepdf_merged_page-0085_Target_0_0.87
2025-03-27 10:49:00,878 - INFO - Created directory: ocr_debug/ilovepdf_merged_page-0161_Target_0_0.87
2025-03-27 10:49:01,426 - INFO - Created directory: ocr_debug/ilovepdf_merged_page-0055_Target_0_0.87
2025-03-27 10:49:01,588 - INFO - Created directory: ocr_debug/ilovepdf_merged_page-0007_Target_0_0.86
2025-03-27 10:49:07,438 - INFO - Created directory: ocr_debug/ilovepdf_merged_page-0136_Target_0_0.87
2025-03-27 10:49:07,741 - INFO - Created directory: ocr_debug/ilovepdf_merged_page-0178_Target_0_0.87
2025-03-27 10:49:08,210 - INFO - Created directory: ocr_debug/ilovepdf_merged_page-0064_Target_0_0.87
2025-03-27 10:49:08,254 - INFO - Created directory: ocr_debug/ilovepdf_merged_page-0180_Target_0_0.87
2025-03-27 10:49:09,241 - INFO - Created directory: ocr_debug/ilovepdf_merged_page-0150_Target_0_0.86
2025-03-27 10:49:09,828 - INFO - Created directory: ocr_debug/ilovepdf_merged_page-0102_Target_0_0.87
2025-03-27 10:49:09,964 - INFO - Created directory: ocr_debug/ilovepdf_merged_page-0036_Target_0_0.87
2025-03-27 10:49:10,200 - INFO - Created directory: ocr_debug/ilovepdf_merged_page-0078_Target_0_0.87
2025-03-27 10:49:15,578 - INFO - Created directory: ocr_debug/ilovepdf_merged_page-0050_Target_0_0.87
2025-03-27 10:49:16,569 - INFO - Created directory: ocr_debug/ilovepdf_merged_page-0002_Target_0_0.86
2025-03-27 10:49:16,748 - INFO - Created directory: ocr_debug/ilovepdf_merged_page-0080_Target_0_0.87
2025-03-27 10:49:17,122 - INFO - Created directory: ocr_debug/ilovepdf_merged_page-0164_Target_0_0.87
2025-03-27 10:49:17,242 - INFO - Created directory: ocr_debug/ilovepdf_merged_page-0098_Target_0_0.87
2025-03-27 10:49:17,257 - INFO - Created directory: ocr_debug/ilovepdf_merged_page-0132_Target_0_0.87
2025-03-27 10:49:17,312 - INFO - Created directory: ocr_debug/ilovepdf_merged_page-0154_Target_0_0.87
2025-03-27 10:49:17,688 - INFO - Created directory: ocr_debug/ilovepdf_merged_page-0060_Target_0_0.87
2025-03-27 10:49:23,261 - INFO - Created directory: ocr_debug/ilovepdf_merged_page-0184_Target_0_0.87
2025-03-27 10:49:24,291 - INFO - Created directory: ocr_debug/ilovepdf_merged_page-0032_Target_0_0.87
2025-03-27 10:49:24,508 - INFO - Created directory: ocr_debug/ilovepdf_merged_page-0016_Target_0_0.88
2025-03-27 10:49:24,729 - INFO - Created directory: ocr_debug/ilovepdf_merged_page-0198_Target_0_0.87
2025-03-27 10:49:24,732 - INFO - Created directory: ocr_debug/ilovepdf_merged_page-0148_Target_0_0.87
2025-03-27 10:49:25,362 - INFO - Created directory: ocr_debug/ilovepdf_merged_page-0106_Target_0_0.87
2025-03-27 10:49:25,489 - INFO - Created directory: ocr_debug/ilovepdf_merged_page-0084_Target_0_0.87
2025-03-27 10:49:26,010 - INFO - Created directory: ocr_debug/ilovepdf_merged_page-0160_Target_0_0.87
2025-03-27 10:49:31,249 - INFO - Created directory: ocr_debug/ilovepdf_merged_page-0054_Target_0_0.87
2025-03-27 10:49:32,088 - INFO - Created directory: ocr_debug/ilovepdf_merged_page-0006_Target_0_0.86
2025-03-27 10:49:32,426 - INFO - Created directory: ocr_debug/ilovepdf_merged_page-0048_Target_0_0.86
2025-03-27 10:49:32,442 - INFO - Created directory: ocr_debug/ilovepdf_merged_page-0179_Target_0_0.87
2025-03-27 10:49:32,593 - INFO - Created directory: ocr_debug/ilovepdf_merged_page-0065_Target_0_0.87
2025-03-27 10:49:32,893 - INFO - Created directory: ocr_debug/ilovepdf_merged_page-0181_Target_0_0.87
2025-03-27 10:49:33,465 - INFO - Created directory: ocr_debug/ilovepdf_merged_page-0037_Target_0_0.86
2025-03-27 10:49:34,688 - INFO - Created directory: ocr_debug/ilovepdf_merged_page-0103_Target_0_0.86
2025-03-27 10:49:39,289 - INFO - Created directory: ocr_debug/ilovepdf_merged_page-0151_Target_0_0.87
2025-03-27 10:49:39,511 - INFO - Created directory: ocr_debug/ilovepdf_merged_page-0079_Target_0_0.87
2025-03-27 10:49:39,709 - INFO - Created directory: ocr_debug/ilovepdf_merged_page-0051_Target_0_0.87
2025-03-27 10:49:40,004 - INFO - Created directory: ocr_debug/ilovepdf_merged_page-0003_Target_0_0.86
2025-03-27 10:49:40,537 - INFO - Created directory: ocr_debug/ilovepdf_merged_page-0137_Target_0_0.86
2025-03-27 10:49:41,094 - INFO - Created directory: ocr_debug/ilovepdf_merged_page-0081_Target_0_0.87
2025-03-27 10:49:41,101 - INFO - Created directory: ocr_debug/ilovepdf_merged_page-0165_Target_0_0.87
2025-03-27 10:49:42,860 - INFO - Created directory: ocr_debug/ilovepdf_merged_page-0005_Target_0_0.87
2025-03-27 10:49:47,004 - INFO - Created directory: ocr_debug/ilovepdf_merged_page-0131_Target_0_0.87
2025-03-27 10:49:47,097 - INFO - Created directory: ocr_debug/ilovepdf_merged_page-0157_Target_0_0.87
2025-03-27 10:49:47,710 - INFO - Created directory: ocr_debug/ilovepdf_merged_page-0200_Target_0_0.87
2025-03-27 10:49:48,481 - INFO - Created directory: ocr_debug/ilovepdf_merged_page-0187_Target_0_0.87
2025-03-27 10:49:48,501 - INFO - Created directory: ocr_debug/ilovepdf_merged_page-0063_Target_0_0.87
2025-03-27 10:49:49,068 - INFO - Created directory: ocr_debug/ilovepdf_merged_page-0031_Target_0_0.87
2025-03-27 10:49:49,090 - INFO - Created directory: ocr_debug/ilovepdf_merged_page-0105_Target_0_0.87
2025-03-27 10:49:51,200 - INFO - Created directory: ocr_debug/ilovepdf_merged_page-0119_Target_0_0.86
2025-03-27 10:49:55,952 - INFO - Created directory: ocr_debug/ilovepdf_merged_page-0163_Target_0_0.87
2025-03-27 10:49:55,990 - INFO - Created directory: ocr_debug/ilovepdf_merged_page-0087_Target_0_0.87
2025-03-27 10:49:56,300 - INFO - Created directory: ocr_debug/ilovepdf_merged_page-0057_Target_0_0.87
2025-03-27 10:49:57,521 - INFO - Created directory: ocr_debug/ilovepdf_merged_page-0019_Target_0_0.87
2025-03-27 10:49:57,556 - INFO - Created directory: ocr_debug/ilovepdf_merged_page-0052_Target_0_0.86
2025-03-27 10:49:57,702 - INFO - Created directory: ocr_debug/ilovepdf_merged_page-0182_Target_0_0.87
2025-03-27 10:49:57,797 - INFO - Created directory: ocr_debug/ilovepdf_merged_page-0034_Target_0_0.86
2025-03-27 10:49:59,993 - INFO - Created directory: ocr_debug/ilovepdf_merged_page-0066_Target_0_0.87
2025-03-27 10:50:04,212 - INFO - Created directory: ocr_debug/ilovepdf_merged_page-0100_Target_0_0.87
2025-03-27 10:50:04,411 - INFO - Created directory: ocr_debug/ilovepdf_merged_page-0152_Target_0_0.86
2025-03-27 10:50:04,499 - INFO - Created directory: ocr_debug/ilovepdf_merged_page-0028_Target_0_0.86
2025-03-27 10:50:05,101 - INFO - Created directory: ocr_debug/ilovepdf_merged_page-0166_Target_0_0.87
2025-03-27 10:50:05,195 - INFO - Created directory: ocr_debug/ilovepdf_merged_page-0128_Target_0_0.87
2025-03-27 10:50:05,335 - INFO - Created directory: ocr_debug/ilovepdf_merged_page-0134_Target_0_0.86
2025-03-27 10:50:06,451 - INFO - Created directory: ocr_debug/ilovepdf_merged_page-0082_Target_0_0.87
2025-03-27 10:50:08,218 - INFO - Created directory: ocr_debug/ilovepdf_merged_page-0018_Target_0_0.86
2025-03-27 10:50:12,672 - INFO - Created directory: ocr_debug/ilovepdf_merged_page-0004_Target_0_0.87
2025-03-27 10:50:12,988 - INFO - Created directory: ocr_debug/ilovepdf_merged_page-0130_Target_0_0.87
2025-03-27 10:50:13,875 - INFO - Created directory: ocr_debug/ilovepdf_merged_page-0118_Target_0_0.87
2025-03-27 10:50:13,885 - INFO - Created directory: ocr_debug/ilovepdf_merged_page-0156_Target_0_0.87
2025-03-27 10:50:13,937 - INFO - Created directory: ocr_debug/ilovepdf_merged_page-0104_Target_0_0.86
2025-03-27 10:50:13,950 - INFO - Created directory: ocr_debug/ilovepdf_merged_page-0186_Target_0_0.87
2025-03-27 10:50:14,894 - INFO - Created directory: ocr_debug/ilovepdf_merged_page-0062_Target_0_0.87
2025-03-27 10:50:17,525 - INFO - Created directory: ocr_debug/ilovepdf_merged_page-0030_Target_0_0.87
2025-03-27 10:50:20,829 - INFO - Created directory: ocr_debug/ilovepdf_merged_page-0162_Target_0_0.87
2025-03-27 10:50:21,398 - INFO - Created directory: ocr_debug/ilovepdf_merged_page-0086_Target_0_0.87
2025-03-27 10:50:21,735 - INFO - Created directory: ocr_debug/ilovepdf_merged_page-0056_Target_0_0.87
2025-03-27 10:50:21,758 - INFO - Created directory: ocr_debug/ilovepdf_merged_page-0135_Target_0_0.87
2025-03-27 10:50:21,791 - INFO - Created directory: ocr_debug/ilovepdf_merged_page-0001_Target_0_0.87
2025-03-27 10:50:22,201 - INFO - Created directory: ocr_debug/ilovepdf_merged_page-0043_Target_0_0.88
2025-03-27 10:50:23,338 - INFO - Created directory: ocr_debug/ilovepdf_merged_page-0183_Target_0_0.87
2025-03-27 10:50:25,162 - INFO - Created directory: ocr_debug/ilovepdf_merged_page-0067_Target_0_0.87
2025-03-27 10:50:28,971 - INFO - Created directory: ocr_debug/ilovepdf_merged_page-0101_Target_0_0.87
2025-03-27 10:50:29,328 - INFO - Created directory: ocr_debug/ilovepdf_merged_page-0153_Target_0_0.86
2025-03-27 10:50:29,716 - INFO - Created directory: ocr_debug/ilovepdf_merged_page-0029_Target_0_0.86
2025-03-27 10:50:29,855 - INFO - Created directory: ocr_debug/ilovepdf_merged_page-0035_Target_0_0.87
2025-03-27 10:50:29,876 - INFO - Created directory: ocr_debug/ilovepdf_merged_page-0053_Target_0_0.87
2025-03-27 10:50:30,154 - INFO - Created directory: ocr_debug/ilovepdf_merged_page-0129_Target_0_0.87
2025-03-27 10:50:31,103 - INFO - Created directory: ocr_debug/ilovepdf_merged_page-0167_Target_0_0.87
2025-03-27 10:50:32,797 - INFO - Created directory: ocr_debug/ilovepdf_merged_page-0083_Target_0_0.87
